<?xml version="1.0" encoding="UTF-8"?>
<!-- Generated by org.testng.reporters.JUnitReportReporter -->
<testsuite hostname="DESKTOP-P7OJJ1J" failures="0" tests="3" name="test1.DP" time="0.029" errors="0" timestamp="2023-12-12T03:15:29 IST" skipped="0">
  <testcase classname="test1.DP" name="mytest" time="0.009"/>
  <system-out>
    <![CDATA[Passed parameter is:third-value]]>
  </system-out>
  <testcase classname="test1.DP" name="mytest" time="0.016"/>
  <system-out>
    <![CDATA[Passed parameter is:first-value]]>
  </system-out>
  <testcase classname="test1.DP" name="mytest" time="0.004"/>
  <system-out>
    <![CDATA[Passed parameter is:second-value]]>
  </system-out>
</testsuite> <!-- test1.DP -->
