<?xml version="1.0" encoding="UTF-8"?>
<!-- Generated by org.testng.reporters.JUnitReportReporter -->
<testsuite hostname="DESKTOP-P7OJJ1J" failures="0" tests="2" name="test1.Dependent" time="0.035" errors="0" timestamp="2024-01-03T03:20:58 IST" skipped="0">
  <testcase classname="test1.Dependent" name="login" time="0.005"/>
  <system-out/>
  <testcase classname="test1.Dependent" name="registration" time="0.030"/>
  <system-out/>
</testsuite> <!-- test1.Dependent -->
