<?xml version="1.0" encoding="UTF-8"?>
<!-- Generated by org.testng.reporters.JUnitReportReporter -->
<testsuite hostname="DESKTOP-P7OJJ1J" failures="0" tests="1" name="test1.WebTest1" time="0.005" errors="0" timestamp="2023-12-07T03:20:16 IST" skipped="0">
  <testcase classname="test1.WebTest1" name="TestSuite" time="0.005"/>
  <system-out/>
</testsuite> <!-- test1.WebTest1 -->
