<?xml version="1.0" encoding="UTF-8"?>
<!-- Generated by org.testng.reporters.JUnitReportReporter -->
<testsuite hostname="DESKTOP-P7OJJ1J" failures="0" tests="1" name="test1.NewTest" time="3.379" errors="0" timestamp="2023-12-03T03:32:23 IST" skipped="0">
  <testcase classname="test1.NewTest" name="test" time="3.379"/>
  <system-out/>
</testsuite> <!-- test1.NewTest -->
