<?xml version="1.0" encoding="UTF-8"?>
<!-- Generated by org.testng.reporters.JUnitReportReporter -->
<testsuite hostname="DESKTOP-P7OJJ1J" failures="0" tests="1" name="test1.Params" time="0.012" errors="0" timestamp="2023-12-12T03:00:06 IST" skipped="0">
  <testcase classname="test1.Params" name="sum" time="0.012"/>
  <system-out/>
</testsuite> <!-- test1.Params -->
