<?xml version="1.0" encoding="UTF-8"?>
<!-- Generated by org.testng.reporters.JUnitReportReporter -->
<testsuite hostname="DESKTOP-P7OJJ1J" failures="0" tests="2" name="test1.WebTest" time="0.028" errors="0" timestamp="2023-12-07T03:20:16 IST" skipped="0">
  <testcase classname="test1.WebTest" name="test2" time="0.022"/>
  <system-out/>
  <testcase classname="test1.WebTest" name="test1" time="0.006"/>
  <system-out/>
</testsuite> <!-- test1.WebTest -->
